2019-11-30 11:05:23.533 [main] INFO  o.s.c.a.AnnotationConfigApplicationContext - Refreshing org.springframework.context.annotation.AnnotationConfigApplicationContext@67c27493: startup date [Sat Nov 30 11:05:23 CST 2019]; root of context hierarchy
2019-11-30 11:05:23.760 [main] INFO  o.s.b.f.a.AutowiredAnnotationBeanPostProcessor - JSR-330 'javax.inject.Inject' annotation found and supported for autowiring
2019-11-30 11:05:23.799 [background-preinit] INFO  org.hibernate.validator.internal.util.Version - HV000001: Hibernate Validator 5.3.6.Final
2019-11-30 11:05:23.808 [main] INFO  o.s.c.s.PostProcessorRegistrationDelegate$BeanPostProcessorChecker - Bean 'configurationPropertiesRebinderAutoConfiguration' of type [org.springframework.cloud.autoconfigure.ConfigurationPropertiesRebinderAutoConfiguration$$EnhancerBySpringCGLIB$$55e352dc] is not eligible for getting processed by all BeanPostProcessors (for example: not eligible for auto-proxying)
2019-11-30 11:05:25.403 [main] INFO  o.s.c.c.client.ConfigServicePropertySourceLocator - Fetching config from server at: http://localhost:8888
2019-11-30 11:05:26.462 [main] WARN  o.s.c.c.client.ConfigServicePropertySourceLocator - Could not locate PropertySource: I/O error on GET request for "http://localhost:8888/hystrix-ribbon-breaker-consumer/default": Connection refused: connect; nested exception is java.net.ConnectException: Connection refused: connect
2019-11-30 11:05:26.464 [main] INFO  yq.ConsumerApplication - No active profile set, falling back to default profiles: default
2019-11-30 11:05:26.474 [main] INFO  o.s.b.c.e.AnnotationConfigEmbeddedWebApplicationContext - Refreshing org.springframework.boot.context.embedded.AnnotationConfigEmbeddedWebApplicationContext@7e276594: startup date [Sat Nov 30 11:05:26 CST 2019]; parent: org.springframework.context.annotation.AnnotationConfigApplicationContext@67c27493
2019-11-30 11:05:26.890 [main] INFO  o.springframework.cloud.context.scope.GenericScope - BeanFactory id=6a51e415-a928-31ec-99ed-915d557e05b3
2019-11-30 11:05:26.901 [main] INFO  o.s.b.f.a.AutowiredAnnotationBeanPostProcessor - JSR-330 'javax.inject.Inject' annotation found and supported for autowiring
2019-11-30 11:05:27.132 [main] INFO  o.s.c.s.PostProcessorRegistrationDelegate$BeanPostProcessorChecker - Bean 'org.springframework.cloud.autoconfigure.ConfigurationPropertiesRebinderAutoConfiguration' of type [org.springframework.cloud.autoconfigure.ConfigurationPropertiesRebinderAutoConfiguration$$EnhancerBySpringCGLIB$$55e352dc] is not eligible for getting processed by all BeanPostProcessors (for example: not eligible for auto-proxying)
2019-11-30 11:05:27.675 [main] INFO  o.s.b.c.e.tomcat.TomcatEmbeddedServletContainer - Tomcat initialized with port(s): 9010 (http)
2019-11-30 11:05:27.688 [main] INFO  org.apache.coyote.http11.Http11NioProtocol - Initializing ProtocolHandler ["http-nio-9010"]
2019-11-30 11:05:27.696 [main] INFO  org.apache.catalina.core.StandardService - Starting service [Tomcat]
2019-11-30 11:05:27.697 [main] INFO  org.apache.catalina.core.StandardEngine - Starting Servlet Engine: Apache Tomcat/8.5.31
2019-11-30 11:05:27.834 [localhost-startStop-1] INFO  o.a.c.core.ContainerBase.[Tomcat].[localhost].[/] - Initializing Spring embedded WebApplicationContext
2019-11-30 11:05:27.835 [localhost-startStop-1] INFO  org.springframework.web.context.ContextLoader - Root WebApplicationContext: initialization completed in 1361 ms
2019-11-30 11:05:27.977 [localhost-startStop-1] INFO  o.s.boot.web.servlet.ServletRegistrationBean - Mapping servlet: 'dispatcherServlet' to [/]
2019-11-30 11:05:27.983 [localhost-startStop-1] INFO  o.s.boot.web.servlet.FilterRegistrationBean - Mapping filter: 'characterEncodingFilter' to: [/*]
2019-11-30 11:05:27.983 [localhost-startStop-1] INFO  o.s.boot.web.servlet.FilterRegistrationBean - Mapping filter: 'hiddenHttpMethodFilter' to: [/*]
2019-11-30 11:05:27.984 [localhost-startStop-1] INFO  o.s.boot.web.servlet.FilterRegistrationBean - Mapping filter: 'httpPutFormContentFilter' to: [/*]
2019-11-30 11:05:27.984 [localhost-startStop-1] INFO  o.s.boot.web.servlet.FilterRegistrationBean - Mapping filter: 'requestContextFilter' to: [/*]
2019-11-30 11:05:29.461 [main] INFO  org.springframework.cloud.commons.util.InetUtils - Cannot determine local hostname
2019-11-30 11:05:29.614 [main] WARN  com.netflix.config.sources.URLConfigurationSource - No URLs will be polled as dynamic configuration sources.
2019-11-30 11:05:29.615 [main] INFO  com.netflix.config.sources.URLConfigurationSource - To enable URLs as dynamic configuration sources, define System property archaius.configurationSource.additionalUrls or make config.properties available on classpath.
2019-11-30 11:05:29.621 [main] WARN  com.netflix.config.sources.URLConfigurationSource - No URLs will be polled as dynamic configuration sources.
2019-11-30 11:05:29.622 [main] INFO  com.netflix.config.sources.URLConfigurationSource - To enable URLs as dynamic configuration sources, define System property archaius.configurationSource.additionalUrls or make config.properties available on classpath.
2019-11-30 11:05:29.866 [main] INFO  o.s.w.s.m.m.a.RequestMappingHandlerAdapter - Looking for @ControllerAdvice: org.springframework.boot.context.embedded.AnnotationConfigEmbeddedWebApplicationContext@7e276594: startup date [Sat Nov 30 11:05:26 CST 2019]; parent: org.springframework.context.annotation.AnnotationConfigApplicationContext@67c27493
2019-11-30 11:05:29.937 [main] INFO  o.s.w.s.m.m.a.RequestMappingHandlerMapping - Mapped "{[/consumer]}" onto public java.util.List<yq.pojo.Product> yq.controller.ProductController.getUsers(java.lang.Integer)
2019-11-30 11:05:29.941 [main] INFO  o.s.w.s.m.m.a.RequestMappingHandlerMapping - Mapped "{[/error]}" onto public org.springframework.http.ResponseEntity<java.util.Map<java.lang.String, java.lang.Object>> org.springframework.boot.autoconfigure.web.BasicErrorController.error(javax.servlet.http.HttpServletRequest)
2019-11-30 11:05:29.941 [main] INFO  o.s.w.s.m.m.a.RequestMappingHandlerMapping - Mapped "{[/error],produces=[text/html]}" onto public org.springframework.web.servlet.ModelAndView org.springframework.boot.autoconfigure.web.BasicErrorController.errorHtml(javax.servlet.http.HttpServletRequest,javax.servlet.http.HttpServletResponse)
2019-11-30 11:05:30.001 [main] INFO  o.s.web.servlet.handler.SimpleUrlHandlerMapping - Mapped URL path [/webjars/**] onto handler of type [class org.springframework.web.servlet.resource.ResourceHttpRequestHandler]
2019-11-30 11:05:30.002 [main] INFO  o.s.web.servlet.handler.SimpleUrlHandlerMapping - Mapped URL path [/**] onto handler of type [class org.springframework.web.servlet.resource.ResourceHttpRequestHandler]
2019-11-30 11:05:30.046 [main] INFO  o.s.web.servlet.handler.SimpleUrlHandlerMapping - Mapped URL path [/**/favicon.ico] onto handler of type [class org.springframework.web.servlet.resource.ResourceHttpRequestHandler]
2019-11-30 11:05:30.509 [main] INFO  o.s.jmx.export.annotation.AnnotationMBeanExporter - Registering beans for JMX exposure on startup
2019-11-30 11:05:30.517 [main] INFO  o.s.jmx.export.annotation.AnnotationMBeanExporter - Bean with name 'environmentManager' has been autodetected for JMX exposure
2019-11-30 11:05:30.518 [main] INFO  o.s.jmx.export.annotation.AnnotationMBeanExporter - Bean with name 'configurationPropertiesRebinder' has been autodetected for JMX exposure
2019-11-30 11:05:30.519 [main] INFO  o.s.jmx.export.annotation.AnnotationMBeanExporter - Bean with name 'refreshScope' has been autodetected for JMX exposure
2019-11-30 11:05:30.521 [main] INFO  o.s.jmx.export.annotation.AnnotationMBeanExporter - Located managed bean 'environmentManager': registering with JMX server as MBean [org.springframework.cloud.context.environment:name=environmentManager,type=EnvironmentManager]
2019-11-30 11:05:30.532 [main] INFO  o.s.jmx.export.annotation.AnnotationMBeanExporter - Located managed bean 'refreshScope': registering with JMX server as MBean [org.springframework.cloud.context.scope.refresh:name=refreshScope,type=RefreshScope]
2019-11-30 11:05:30.542 [main] INFO  o.s.jmx.export.annotation.AnnotationMBeanExporter - Located managed bean 'configurationPropertiesRebinder': registering with JMX server as MBean [org.springframework.cloud.context.properties:name=configurationPropertiesRebinder,context=7e276594,type=ConfigurationPropertiesRebinder]
2019-11-30 11:05:30.676 [main] INFO  o.s.context.support.DefaultLifecycleProcessor - Starting beans in phase 0
2019-11-30 11:05:30.682 [main] INFO  o.s.cloud.netflix.eureka.InstanceInfoFactory - Setting initial instance status as: STARTING
2019-11-30 11:05:30.739 [main] INFO  com.netflix.discovery.DiscoveryClient - Initializing Eureka in region us-east-1
2019-11-30 11:05:31.144 [main] INFO  c.n.discovery.provider.DiscoveryJerseyProvider - Using JSON encoding codec LegacyJacksonJson
2019-11-30 11:05:31.144 [main] INFO  c.n.discovery.provider.DiscoveryJerseyProvider - Using JSON decoding codec LegacyJacksonJson
2019-11-30 11:05:31.236 [main] INFO  c.n.discovery.provider.DiscoveryJerseyProvider - Using XML encoding codec XStreamXml
2019-11-30 11:05:31.237 [main] INFO  c.n.discovery.provider.DiscoveryJerseyProvider - Using XML decoding codec XStreamXml
2019-11-30 11:05:31.404 [main] INFO  c.n.d.shared.resolver.aws.ConfigClusterResolver - Resolving eureka endpoints via configuration
2019-11-30 11:05:31.577 [main] INFO  com.netflix.discovery.DiscoveryClient - Disable delta property : false
2019-11-30 11:05:31.578 [main] INFO  com.netflix.discovery.DiscoveryClient - Single vip registry refresh property : null
2019-11-30 11:05:31.578 [main] INFO  com.netflix.discovery.DiscoveryClient - Force full registry fetch : false
2019-11-30 11:05:31.578 [main] INFO  com.netflix.discovery.DiscoveryClient - Application is null : false
2019-11-30 11:05:31.578 [main] INFO  com.netflix.discovery.DiscoveryClient - Registered Applications size is zero : true
2019-11-30 11:05:31.578 [main] INFO  com.netflix.discovery.DiscoveryClient - Application version is -1: true
2019-11-30 11:05:31.578 [main] INFO  com.netflix.discovery.DiscoveryClient - Getting all instance registry info from the eureka server
2019-11-30 11:05:31.726 [main] INFO  com.netflix.discovery.DiscoveryClient - The response status is 200
2019-11-30 11:05:31.728 [main] INFO  com.netflix.discovery.DiscoveryClient - Starting heartbeat executor: renew interval is: 30
2019-11-30 11:05:31.730 [main] INFO  com.netflix.discovery.InstanceInfoReplicator - InstanceInfoReplicator onDemand update allowed rate per min is 4
2019-11-30 11:05:31.733 [main] INFO  com.netflix.discovery.DiscoveryClient - Discovery Client initialized at timestamp 1575083131733 with initial instances count: 3
2019-11-30 11:05:31.761 [main] INFO  o.s.c.n.e.serviceregistry.EurekaServiceRegistry - Registering application hystrix-ribbon-breaker-consumer with eureka with status UP
2019-11-30 11:05:31.762 [main] INFO  com.netflix.discovery.DiscoveryClient - Saw local status change event StatusChangeEvent [timestamp=1575083131762, current=UP, previous=STARTING]
2019-11-30 11:05:31.764 [DiscoveryClient-InstanceInfoReplicator-0] INFO  com.netflix.discovery.DiscoveryClient - DiscoveryClient_HYSTRIX-RIBBON-BREAKER-CONSUMER/localhost:hystrix-ribbon-breaker-consumer:9010: registering service...
2019-11-30 11:05:31.775 [main] INFO  org.apache.coyote.http11.Http11NioProtocol - Starting ProtocolHandler ["http-nio-9010"]
2019-11-30 11:05:31.788 [main] INFO  org.apache.tomcat.util.net.NioSelectorPool - Using a shared selector for servlet write/read
2019-11-30 11:05:31.803 [DiscoveryClient-InstanceInfoReplicator-0] INFO  com.netflix.discovery.DiscoveryClient - DiscoveryClient_HYSTRIX-RIBBON-BREAKER-CONSUMER/localhost:hystrix-ribbon-breaker-consumer:9010 - registration status: 204
2019-11-30 11:05:31.806 [main] INFO  o.s.b.c.e.tomcat.TomcatEmbeddedServletContainer - Tomcat started on port(s): 9010 (http)
2019-11-30 11:05:31.807 [main] INFO  o.s.c.n.e.s.EurekaAutoServiceRegistration - Updating port to 9010
2019-11-30 11:05:31.811 [main] INFO  yq.ConsumerApplication - Started ConsumerApplication in 10.04 seconds (JVM running for 11.485)
2019-11-30 11:06:30.594 [http-nio-9010-exec-1] INFO  o.a.c.core.ContainerBase.[Tomcat].[localhost].[/] - Initializing Spring FrameworkServlet 'dispatcherServlet'
2019-11-30 11:06:30.595 [http-nio-9010-exec-1] INFO  org.springframework.web.servlet.DispatcherServlet - FrameworkServlet 'dispatcherServlet': initialization started
2019-11-30 11:06:30.612 [http-nio-9010-exec-1] INFO  org.springframework.web.servlet.DispatcherServlet - FrameworkServlet 'dispatcherServlet': initialization completed in 17 ms
2019-11-30 11:06:44.667 [hystrix-ProductService-1] INFO  o.s.c.a.AnnotationConfigApplicationContext - Refreshing org.springframework.context.annotation.AnnotationConfigApplicationContext@3e425236: startup date [Sat Nov 30 11:06:44 CST 2019]; parent: org.springframework.boot.context.embedded.AnnotationConfigEmbeddedWebApplicationContext@7e276594
2019-11-30 11:06:44.714 [hystrix-ProductService-1] INFO  o.s.b.f.a.AutowiredAnnotationBeanPostProcessor - JSR-330 'javax.inject.Inject' annotation found and supported for autowiring
2019-11-30 11:06:44.847 [hystrix-ProductService-1] INFO  com.netflix.config.ChainedDynamicProperty - Flipping property: feign-provider.ribbon.ActiveConnectionsLimit to use NEXT property: niws.loadbalancer.availabilityFilteringRule.activeConnectionsLimit = 2147483647
2019-11-30 11:06:44.869 [hystrix-ProductService-1] INFO  com.netflix.util.concurrent.ShutdownEnabledTimer - Shutdown hook installed for: NFLoadBalancer-PingTimer-feign-provider
2019-11-30 11:06:44.891 [hystrix-ProductService-1] INFO  com.netflix.loadbalancer.BaseLoadBalancer - Client: feign-provider instantiated a LoadBalancer: DynamicServerListLoadBalancer:{NFLoadBalancer:name=feign-provider,current list of Servers=[],Load balancer stats=Zone stats: {},Server stats: []}ServerList:null
2019-11-30 11:06:44.897 [hystrix-ProductService-1] INFO  c.n.loadbalancer.DynamicServerListLoadBalancer - Using serverListUpdater PollingServerListUpdater
2019-11-30 11:06:44.913 [hystrix-ProductService-1] INFO  com.netflix.config.ChainedDynamicProperty - Flipping property: feign-provider.ribbon.ActiveConnectionsLimit to use NEXT property: niws.loadbalancer.availabilityFilteringRule.activeConnectionsLimit = 2147483647
2019-11-30 11:06:44.915 [hystrix-ProductService-1] INFO  c.n.loadbalancer.DynamicServerListLoadBalancer - DynamicServerListLoadBalancer for client feign-provider initialized: DynamicServerListLoadBalancer:{NFLoadBalancer:name=feign-provider,current list of Servers=[localhost:9003],Load balancer stats=Zone stats: {defaultzone=[Zone:defaultzone;	Instance count:1;	Active connections count: 0;	Circuit breaker tripped count: 0;	Active connections per server: 0.0;]
},Server stats: [[Server:localhost:9003;	Zone:defaultZone;	Total Requests:0;	Successive connection failure:0;	Total blackout seconds:0;	Last connection made:Thu Jan 01 08:00:00 CST 1970;	First connection made: Thu Jan 01 08:00:00 CST 1970;	Active Connections:0;	total failure count in last (1000) msecs:0;	average resp time:0.0;	90 percentile resp time:0.0;	95 percentile resp time:0.0;	min resp time:0.0;	max resp time:0.0;	stddev resp time:0.0]
]}ServerList:org.springframework.cloud.netflix.ribbon.eureka.DomainExtractingServerList@738cffc0
2019-11-30 11:06:45.902 [PollingServerListUpdater-0] INFO  com.netflix.config.ChainedDynamicProperty - Flipping property: feign-provider.ribbon.ActiveConnectionsLimit to use NEXT property: niws.loadbalancer.availabilityFilteringRule.activeConnectionsLimit = 2147483647
2019-11-30 11:10:08.271 [main] INFO  o.s.c.a.AnnotationConfigApplicationContext - Refreshing org.springframework.context.annotation.AnnotationConfigApplicationContext@67c27493: startup date [Sat Nov 30 11:10:08 CST 2019]; root of context hierarchy
2019-11-30 11:10:08.479 [main] INFO  o.s.b.f.a.AutowiredAnnotationBeanPostProcessor - JSR-330 'javax.inject.Inject' annotation found and supported for autowiring
2019-11-30 11:10:08.506 [background-preinit] INFO  org.hibernate.validator.internal.util.Version - HV000001: Hibernate Validator 5.3.6.Final
2019-11-30 11:10:08.511 [main] INFO  o.s.c.s.PostProcessorRegistrationDelegate$BeanPostProcessorChecker - Bean 'configurationPropertiesRebinderAutoConfiguration' of type [org.springframework.cloud.autoconfigure.ConfigurationPropertiesRebinderAutoConfiguration$$EnhancerBySpringCGLIB$$55e352dc] is not eligible for getting processed by all BeanPostProcessors (for example: not eligible for auto-proxying)
2019-11-30 11:10:10.040 [main] INFO  o.s.c.c.client.ConfigServicePropertySourceLocator - Fetching config from server at: http://localhost:8888
2019-11-30 11:10:11.099 [main] WARN  o.s.c.c.client.ConfigServicePropertySourceLocator - Could not locate PropertySource: I/O error on GET request for "http://localhost:8888/hystrix-ribbon-breaker-consumer/default": Connection refused: connect; nested exception is java.net.ConnectException: Connection refused: connect
2019-11-30 11:10:11.101 [main] INFO  yq.ConsumerApplication - No active profile set, falling back to default profiles: default
2019-11-30 11:10:11.111 [main] INFO  o.s.b.c.e.AnnotationConfigEmbeddedWebApplicationContext - Refreshing org.springframework.boot.context.embedded.AnnotationConfigEmbeddedWebApplicationContext@7e276594: startup date [Sat Nov 30 11:10:11 CST 2019]; parent: org.springframework.context.annotation.AnnotationConfigApplicationContext@67c27493
2019-11-30 11:10:11.528 [main] INFO  o.springframework.cloud.context.scope.GenericScope - BeanFactory id=6a51e415-a928-31ec-99ed-915d557e05b3
2019-11-30 11:10:11.540 [main] INFO  o.s.b.f.a.AutowiredAnnotationBeanPostProcessor - JSR-330 'javax.inject.Inject' annotation found and supported for autowiring
2019-11-30 11:10:11.626 [main] INFO  o.s.c.s.PostProcessorRegistrationDelegate$BeanPostProcessorChecker - Bean 'org.springframework.cloud.autoconfigure.ConfigurationPropertiesRebinderAutoConfiguration' of type [org.springframework.cloud.autoconfigure.ConfigurationPropertiesRebinderAutoConfiguration$$EnhancerBySpringCGLIB$$55e352dc] is not eligible for getting processed by all BeanPostProcessors (for example: not eligible for auto-proxying)
2019-11-30 11:10:12.106 [main] INFO  o.s.b.c.e.tomcat.TomcatEmbeddedServletContainer - Tomcat initialized with port(s): 9010 (http)
2019-11-30 11:10:12.122 [main] INFO  org.apache.coyote.http11.Http11NioProtocol - Initializing ProtocolHandler ["http-nio-9010"]
2019-11-30 11:10:12.133 [main] INFO  org.apache.catalina.core.StandardService - Starting service [Tomcat]
2019-11-30 11:10:12.134 [main] INFO  org.apache.catalina.core.StandardEngine - Starting Servlet Engine: Apache Tomcat/8.5.31
2019-11-30 11:10:12.263 [localhost-startStop-1] INFO  o.a.c.core.ContainerBase.[Tomcat].[localhost].[/] - Initializing Spring embedded WebApplicationContext
2019-11-30 11:10:12.263 [localhost-startStop-1] INFO  org.springframework.web.context.ContextLoader - Root WebApplicationContext: initialization completed in 1152 ms
2019-11-30 11:10:12.398 [localhost-startStop-1] INFO  o.s.boot.web.servlet.ServletRegistrationBean - Mapping servlet: 'dispatcherServlet' to [/]
2019-11-30 11:10:12.403 [localhost-startStop-1] INFO  o.s.boot.web.servlet.FilterRegistrationBean - Mapping filter: 'characterEncodingFilter' to: [/*]
2019-11-30 11:10:12.403 [localhost-startStop-1] INFO  o.s.boot.web.servlet.FilterRegistrationBean - Mapping filter: 'hiddenHttpMethodFilter' to: [/*]
2019-11-30 11:10:12.404 [localhost-startStop-1] INFO  o.s.boot.web.servlet.FilterRegistrationBean - Mapping filter: 'httpPutFormContentFilter' to: [/*]
2019-11-30 11:10:12.404 [localhost-startStop-1] INFO  o.s.boot.web.servlet.FilterRegistrationBean - Mapping filter: 'requestContextFilter' to: [/*]
2019-11-30 11:10:13.845 [main] INFO  org.springframework.cloud.commons.util.InetUtils - Cannot determine local hostname
2019-11-30 11:10:13.993 [main] WARN  com.netflix.config.sources.URLConfigurationSource - No URLs will be polled as dynamic configuration sources.
2019-11-30 11:10:13.993 [main] INFO  com.netflix.config.sources.URLConfigurationSource - To enable URLs as dynamic configuration sources, define System property archaius.configurationSource.additionalUrls or make config.properties available on classpath.
2019-11-30 11:10:13.999 [main] WARN  com.netflix.config.sources.URLConfigurationSource - No URLs will be polled as dynamic configuration sources.
2019-11-30 11:10:13.999 [main] INFO  com.netflix.config.sources.URLConfigurationSource - To enable URLs as dynamic configuration sources, define System property archaius.configurationSource.additionalUrls or make config.properties available on classpath.
2019-11-30 11:10:14.214 [main] INFO  o.s.w.s.m.m.a.RequestMappingHandlerAdapter - Looking for @ControllerAdvice: org.springframework.boot.context.embedded.AnnotationConfigEmbeddedWebApplicationContext@7e276594: startup date [Sat Nov 30 11:10:11 CST 2019]; parent: org.springframework.context.annotation.AnnotationConfigApplicationContext@67c27493
2019-11-30 11:10:14.277 [main] INFO  o.s.w.s.m.m.a.RequestMappingHandlerMapping - Mapped "{[/consumer]}" onto public java.util.List<yq.pojo.Product> yq.controller.ProductController.getUsers(java.lang.Integer)
2019-11-30 11:10:14.280 [main] INFO  o.s.w.s.m.m.a.RequestMappingHandlerMapping - Mapped "{[/error]}" onto public org.springframework.http.ResponseEntity<java.util.Map<java.lang.String, java.lang.Object>> org.springframework.boot.autoconfigure.web.BasicErrorController.error(javax.servlet.http.HttpServletRequest)
2019-11-30 11:10:14.281 [main] INFO  o.s.w.s.m.m.a.RequestMappingHandlerMapping - Mapped "{[/error],produces=[text/html]}" onto public org.springframework.web.servlet.ModelAndView org.springframework.boot.autoconfigure.web.BasicErrorController.errorHtml(javax.servlet.http.HttpServletRequest,javax.servlet.http.HttpServletResponse)
2019-11-30 11:10:14.322 [main] INFO  o.s.web.servlet.handler.SimpleUrlHandlerMapping - Mapped URL path [/webjars/**] onto handler of type [class org.springframework.web.servlet.resource.ResourceHttpRequestHandler]
2019-11-30 11:10:14.322 [main] INFO  o.s.web.servlet.handler.SimpleUrlHandlerMapping - Mapped URL path [/**] onto handler of type [class org.springframework.web.servlet.resource.ResourceHttpRequestHandler]
2019-11-30 11:10:14.357 [main] INFO  o.s.web.servlet.handler.SimpleUrlHandlerMapping - Mapped URL path [/**/favicon.ico] onto handler of type [class org.springframework.web.servlet.resource.ResourceHttpRequestHandler]
2019-11-30 11:10:14.659 [main] INFO  o.s.jmx.export.annotation.AnnotationMBeanExporter - Registering beans for JMX exposure on startup
2019-11-30 11:10:14.666 [main] INFO  o.s.jmx.export.annotation.AnnotationMBeanExporter - Bean with name 'environmentManager' has been autodetected for JMX exposure
2019-11-30 11:10:14.668 [main] INFO  o.s.jmx.export.annotation.AnnotationMBeanExporter - Bean with name 'configurationPropertiesRebinder' has been autodetected for JMX exposure
2019-11-30 11:10:14.669 [main] INFO  o.s.jmx.export.annotation.AnnotationMBeanExporter - Bean with name 'refreshScope' has been autodetected for JMX exposure
2019-11-30 11:10:14.671 [main] INFO  o.s.jmx.export.annotation.AnnotationMBeanExporter - Located managed bean 'environmentManager': registering with JMX server as MBean [org.springframework.cloud.context.environment:name=environmentManager,type=EnvironmentManager]
2019-11-30 11:10:14.681 [main] INFO  o.s.jmx.export.annotation.AnnotationMBeanExporter - Located managed bean 'refreshScope': registering with JMX server as MBean [org.springframework.cloud.context.scope.refresh:name=refreshScope,type=RefreshScope]
2019-11-30 11:10:14.690 [main] INFO  o.s.jmx.export.annotation.AnnotationMBeanExporter - Located managed bean 'configurationPropertiesRebinder': registering with JMX server as MBean [org.springframework.cloud.context.properties:name=configurationPropertiesRebinder,context=7e276594,type=ConfigurationPropertiesRebinder]
2019-11-30 11:10:14.788 [main] INFO  o.s.context.support.DefaultLifecycleProcessor - Starting beans in phase 0
2019-11-30 11:10:14.794 [main] INFO  o.s.cloud.netflix.eureka.InstanceInfoFactory - Setting initial instance status as: STARTING
2019-11-30 11:10:14.832 [main] INFO  com.netflix.discovery.DiscoveryClient - Initializing Eureka in region us-east-1
2019-11-30 11:10:15.185 [main] INFO  c.n.discovery.provider.DiscoveryJerseyProvider - Using JSON encoding codec LegacyJacksonJson
2019-11-30 11:10:15.185 [main] INFO  c.n.discovery.provider.DiscoveryJerseyProvider - Using JSON decoding codec LegacyJacksonJson
2019-11-30 11:10:15.263 [main] INFO  c.n.discovery.provider.DiscoveryJerseyProvider - Using XML encoding codec XStreamXml
2019-11-30 11:10:15.263 [main] INFO  c.n.discovery.provider.DiscoveryJerseyProvider - Using XML decoding codec XStreamXml
2019-11-30 11:10:15.400 [main] INFO  c.n.d.shared.resolver.aws.ConfigClusterResolver - Resolving eureka endpoints via configuration
2019-11-30 11:10:15.548 [main] INFO  com.netflix.discovery.DiscoveryClient - Disable delta property : false
2019-11-30 11:10:15.548 [main] INFO  com.netflix.discovery.DiscoveryClient - Single vip registry refresh property : null
2019-11-30 11:10:15.548 [main] INFO  com.netflix.discovery.DiscoveryClient - Force full registry fetch : false
2019-11-30 11:10:15.549 [main] INFO  com.netflix.discovery.DiscoveryClient - Application is null : false
2019-11-30 11:10:15.549 [main] INFO  com.netflix.discovery.DiscoveryClient - Registered Applications size is zero : true
2019-11-30 11:10:15.549 [main] INFO  com.netflix.discovery.DiscoveryClient - Application version is -1: true
2019-11-30 11:10:15.549 [main] INFO  com.netflix.discovery.DiscoveryClient - Getting all instance registry info from the eureka server
2019-11-30 11:10:15.691 [main] INFO  com.netflix.discovery.DiscoveryClient - The response status is 200
2019-11-30 11:10:15.693 [main] INFO  com.netflix.discovery.DiscoveryClient - Starting heartbeat executor: renew interval is: 30
2019-11-30 11:10:15.695 [main] INFO  com.netflix.discovery.InstanceInfoReplicator - InstanceInfoReplicator onDemand update allowed rate per min is 4
2019-11-30 11:10:15.697 [main] INFO  com.netflix.discovery.DiscoveryClient - Discovery Client initialized at timestamp 1575083415697 with initial instances count: 4
2019-11-30 11:10:15.721 [main] INFO  o.s.c.n.e.serviceregistry.EurekaServiceRegistry - Registering application hystrix-ribbon-breaker-consumer with eureka with status UP
2019-11-30 11:10:15.721 [main] INFO  com.netflix.discovery.DiscoveryClient - Saw local status change event StatusChangeEvent [timestamp=1575083415721, current=UP, previous=STARTING]
2019-11-30 11:10:15.723 [DiscoveryClient-InstanceInfoReplicator-0] INFO  com.netflix.discovery.DiscoveryClient - DiscoveryClient_HYSTRIX-RIBBON-BREAKER-CONSUMER/localhost:hystrix-ribbon-breaker-consumer:9010: registering service...
2019-11-30 11:10:15.736 [main] INFO  org.apache.coyote.http11.Http11NioProtocol - Starting ProtocolHandler ["http-nio-9010"]
2019-11-30 11:10:15.747 [main] INFO  org.apache.tomcat.util.net.NioSelectorPool - Using a shared selector for servlet write/read
2019-11-30 11:10:15.763 [DiscoveryClient-InstanceInfoReplicator-0] INFO  com.netflix.discovery.DiscoveryClient - DiscoveryClient_HYSTRIX-RIBBON-BREAKER-CONSUMER/localhost:hystrix-ribbon-breaker-consumer:9010 - registration status: 204
2019-11-30 11:10:15.766 [main] INFO  o.s.b.c.e.tomcat.TomcatEmbeddedServletContainer - Tomcat started on port(s): 9010 (http)
2019-11-30 11:10:15.766 [main] INFO  o.s.c.n.e.s.EurekaAutoServiceRegistration - Updating port to 9010
2019-11-30 11:10:15.769 [main] INFO  yq.ConsumerApplication - Started ConsumerApplication in 9.142 seconds (JVM running for 9.658)
2019-11-30 11:10:28.654 [http-nio-9010-exec-2] INFO  o.a.c.core.ContainerBase.[Tomcat].[localhost].[/] - Initializing Spring FrameworkServlet 'dispatcherServlet'
2019-11-30 11:10:28.655 [http-nio-9010-exec-2] INFO  org.springframework.web.servlet.DispatcherServlet - FrameworkServlet 'dispatcherServlet': initialization started
2019-11-30 11:10:28.674 [http-nio-9010-exec-2] INFO  org.springframework.web.servlet.DispatcherServlet - FrameworkServlet 'dispatcherServlet': initialization completed in 19 ms
2019-11-30 11:10:28.929 [hystrix-ProductService-1] INFO  o.s.c.a.AnnotationConfigApplicationContext - Refreshing org.springframework.context.annotation.AnnotationConfigApplicationContext@7a806627: startup date [Sat Nov 30 11:10:28 CST 2019]; parent: org.springframework.boot.context.embedded.AnnotationConfigEmbeddedWebApplicationContext@7e276594
2019-11-30 11:10:28.978 [hystrix-ProductService-1] INFO  o.s.b.f.a.AutowiredAnnotationBeanPostProcessor - JSR-330 'javax.inject.Inject' annotation found and supported for autowiring
2019-11-30 11:10:29.105 [hystrix-ProductService-1] INFO  com.netflix.config.ChainedDynamicProperty - Flipping property: feign-provider.ribbon.ActiveConnectionsLimit to use NEXT property: niws.loadbalancer.availabilityFilteringRule.activeConnectionsLimit = 2147483647
2019-11-30 11:10:29.124 [hystrix-ProductService-1] INFO  com.netflix.util.concurrent.ShutdownEnabledTimer - Shutdown hook installed for: NFLoadBalancer-PingTimer-feign-provider
2019-11-30 11:10:29.145 [hystrix-ProductService-1] INFO  com.netflix.loadbalancer.BaseLoadBalancer - Client: feign-provider instantiated a LoadBalancer: DynamicServerListLoadBalancer:{NFLoadBalancer:name=feign-provider,current list of Servers=[],Load balancer stats=Zone stats: {},Server stats: []}ServerList:null
2019-11-30 11:10:29.150 [hystrix-ProductService-1] INFO  c.n.loadbalancer.DynamicServerListLoadBalancer - Using serverListUpdater PollingServerListUpdater
2019-11-30 11:10:29.163 [hystrix-ProductService-1] INFO  com.netflix.config.ChainedDynamicProperty - Flipping property: feign-provider.ribbon.ActiveConnectionsLimit to use NEXT property: niws.loadbalancer.availabilityFilteringRule.activeConnectionsLimit = 2147483647
2019-11-30 11:10:29.164 [hystrix-ProductService-1] INFO  c.n.loadbalancer.DynamicServerListLoadBalancer - DynamicServerListLoadBalancer for client feign-provider initialized: DynamicServerListLoadBalancer:{NFLoadBalancer:name=feign-provider,current list of Servers=[localhost:9003],Load balancer stats=Zone stats: {defaultzone=[Zone:defaultzone;	Instance count:1;	Active connections count: 0;	Circuit breaker tripped count: 0;	Active connections per server: 0.0;]
},Server stats: [[Server:localhost:9003;	Zone:defaultZone;	Total Requests:0;	Successive connection failure:0;	Total blackout seconds:0;	Last connection made:Thu Jan 01 08:00:00 CST 1970;	First connection made: Thu Jan 01 08:00:00 CST 1970;	Active Connections:0;	total failure count in last (1000) msecs:0;	average resp time:0.0;	90 percentile resp time:0.0;	95 percentile resp time:0.0;	min resp time:0.0;	max resp time:0.0;	stddev resp time:0.0]
]}ServerList:org.springframework.cloud.netflix.ribbon.eureka.DomainExtractingServerList@210887cf
2019-11-30 11:10:30.153 [PollingServerListUpdater-0] INFO  com.netflix.config.ChainedDynamicProperty - Flipping property: feign-provider.ribbon.ActiveConnectionsLimit to use NEXT property: niws.loadbalancer.availabilityFilteringRule.activeConnectionsLimit = 2147483647
2019-11-30 11:13:06.161 [main] INFO  o.s.c.a.AnnotationConfigApplicationContext - Refreshing org.springframework.context.annotation.AnnotationConfigApplicationContext@67c27493: startup date [Sat Nov 30 11:13:06 CST 2019]; root of context hierarchy
2019-11-30 11:13:06.462 [main] INFO  o.s.b.f.a.AutowiredAnnotationBeanPostProcessor - JSR-330 'javax.inject.Inject' annotation found and supported for autowiring
2019-11-30 11:13:06.475 [background-preinit] INFO  org.hibernate.validator.internal.util.Version - HV000001: Hibernate Validator 5.3.6.Final
2019-11-30 11:13:06.498 [main] INFO  o.s.c.s.PostProcessorRegistrationDelegate$BeanPostProcessorChecker - Bean 'configurationPropertiesRebinderAutoConfiguration' of type [org.springframework.cloud.autoconfigure.ConfigurationPropertiesRebinderAutoConfiguration$$EnhancerBySpringCGLIB$$55e352dc] is not eligible for getting processed by all BeanPostProcessors (for example: not eligible for auto-proxying)
2019-11-30 11:13:08.053 [main] INFO  o.s.c.c.client.ConfigServicePropertySourceLocator - Fetching config from server at: http://localhost:8888
2019-11-30 11:13:09.111 [main] WARN  o.s.c.c.client.ConfigServicePropertySourceLocator - Could not locate PropertySource: I/O error on GET request for "http://localhost:8888/hystrix-ribbon-breaker-consumer/default": Connection refused: connect; nested exception is java.net.ConnectException: Connection refused: connect
2019-11-30 11:13:09.113 [main] INFO  yq.ConsumerApplication - No active profile set, falling back to default profiles: default
2019-11-30 11:13:09.123 [main] INFO  o.s.b.c.e.AnnotationConfigEmbeddedWebApplicationContext - Refreshing org.springframework.boot.context.embedded.AnnotationConfigEmbeddedWebApplicationContext@55562aa9: startup date [Sat Nov 30 11:13:09 CST 2019]; parent: org.springframework.context.annotation.AnnotationConfigApplicationContext@67c27493
2019-11-30 11:13:09.521 [main] INFO  o.springframework.cloud.context.scope.GenericScope - BeanFactory id=6a51e415-a928-31ec-99ed-915d557e05b3
2019-11-30 11:13:09.534 [main] INFO  o.s.b.f.a.AutowiredAnnotationBeanPostProcessor - JSR-330 'javax.inject.Inject' annotation found and supported for autowiring
2019-11-30 11:13:09.622 [main] INFO  o.s.c.s.PostProcessorRegistrationDelegate$BeanPostProcessorChecker - Bean 'org.springframework.cloud.autoconfigure.ConfigurationPropertiesRebinderAutoConfiguration' of type [org.springframework.cloud.autoconfigure.ConfigurationPropertiesRebinderAutoConfiguration$$EnhancerBySpringCGLIB$$55e352dc] is not eligible for getting processed by all BeanPostProcessors (for example: not eligible for auto-proxying)
2019-11-30 11:13:10.100 [main] INFO  o.s.b.c.e.tomcat.TomcatEmbeddedServletContainer - Tomcat initialized with port(s): 9010 (http)
2019-11-30 11:13:10.115 [main] INFO  org.apache.coyote.http11.Http11NioProtocol - Initializing ProtocolHandler ["http-nio-9010"]
2019-11-30 11:13:10.125 [main] INFO  org.apache.catalina.core.StandardService - Starting service [Tomcat]
2019-11-30 11:13:10.125 [main] INFO  org.apache.catalina.core.StandardEngine - Starting Servlet Engine: Apache Tomcat/8.5.31
2019-11-30 11:13:10.243 [localhost-startStop-1] INFO  o.a.c.core.ContainerBase.[Tomcat].[localhost].[/] - Initializing Spring embedded WebApplicationContext
2019-11-30 11:13:10.243 [localhost-startStop-1] INFO  org.springframework.web.context.ContextLoader - Root WebApplicationContext: initialization completed in 1120 ms
2019-11-30 11:13:10.378 [localhost-startStop-1] INFO  o.s.boot.web.servlet.ServletRegistrationBean - Mapping servlet: 'dispatcherServlet' to [/]
2019-11-30 11:13:10.382 [localhost-startStop-1] INFO  o.s.boot.web.servlet.FilterRegistrationBean - Mapping filter: 'characterEncodingFilter' to: [/*]
2019-11-30 11:13:10.383 [localhost-startStop-1] INFO  o.s.boot.web.servlet.FilterRegistrationBean - Mapping filter: 'hiddenHttpMethodFilter' to: [/*]
2019-11-30 11:13:10.384 [localhost-startStop-1] INFO  o.s.boot.web.servlet.FilterRegistrationBean - Mapping filter: 'httpPutFormContentFilter' to: [/*]
2019-11-30 11:13:10.384 [localhost-startStop-1] INFO  o.s.boot.web.servlet.FilterRegistrationBean - Mapping filter: 'requestContextFilter' to: [/*]
2019-11-30 11:13:11.822 [main] INFO  org.springframework.cloud.commons.util.InetUtils - Cannot determine local hostname
2019-11-30 11:13:11.973 [main] WARN  com.netflix.config.sources.URLConfigurationSource - No URLs will be polled as dynamic configuration sources.
2019-11-30 11:13:11.974 [main] INFO  com.netflix.config.sources.URLConfigurationSource - To enable URLs as dynamic configuration sources, define System property archaius.configurationSource.additionalUrls or make config.properties available on classpath.
2019-11-30 11:13:11.980 [main] WARN  com.netflix.config.sources.URLConfigurationSource - No URLs will be polled as dynamic configuration sources.
2019-11-30 11:13:11.980 [main] INFO  com.netflix.config.sources.URLConfigurationSource - To enable URLs as dynamic configuration sources, define System property archaius.configurationSource.additionalUrls or make config.properties available on classpath.
2019-11-30 11:13:12.203 [main] INFO  o.s.w.s.m.m.a.RequestMappingHandlerAdapter - Looking for @ControllerAdvice: org.springframework.boot.context.embedded.AnnotationConfigEmbeddedWebApplicationContext@55562aa9: startup date [Sat Nov 30 11:13:09 CST 2019]; parent: org.springframework.context.annotation.AnnotationConfigApplicationContext@67c27493
2019-11-30 11:13:12.273 [main] INFO  o.s.w.s.m.m.a.RequestMappingHandlerMapping - Mapped "{[/consumer]}" onto public java.util.List<yq.pojo.Product> yq.controller.ProductController.getUsers(java.lang.Integer)
2019-11-30 11:13:12.275 [main] INFO  o.s.w.s.m.m.a.RequestMappingHandlerMapping - Mapped "{[/error]}" onto public org.springframework.http.ResponseEntity<java.util.Map<java.lang.String, java.lang.Object>> org.springframework.boot.autoconfigure.web.BasicErrorController.error(javax.servlet.http.HttpServletRequest)
2019-11-30 11:13:12.275 [main] INFO  o.s.w.s.m.m.a.RequestMappingHandlerMapping - Mapped "{[/error],produces=[text/html]}" onto public org.springframework.web.servlet.ModelAndView org.springframework.boot.autoconfigure.web.BasicErrorController.errorHtml(javax.servlet.http.HttpServletRequest,javax.servlet.http.HttpServletResponse)
2019-11-30 11:13:12.307 [main] INFO  o.s.web.servlet.handler.SimpleUrlHandlerMapping - Mapped URL path [/webjars/**] onto handler of type [class org.springframework.web.servlet.resource.ResourceHttpRequestHandler]
2019-11-30 11:13:12.308 [main] INFO  o.s.web.servlet.handler.SimpleUrlHandlerMapping - Mapped URL path [/**] onto handler of type [class org.springframework.web.servlet.resource.ResourceHttpRequestHandler]
2019-11-30 11:13:12.343 [main] INFO  o.s.web.servlet.handler.SimpleUrlHandlerMapping - Mapped URL path [/**/favicon.ico] onto handler of type [class org.springframework.web.servlet.resource.ResourceHttpRequestHandler]
2019-11-30 11:13:12.655 [main] INFO  o.s.jmx.export.annotation.AnnotationMBeanExporter - Registering beans for JMX exposure on startup
2019-11-30 11:13:12.663 [main] INFO  o.s.jmx.export.annotation.AnnotationMBeanExporter - Bean with name 'environmentManager' has been autodetected for JMX exposure
2019-11-30 11:13:12.664 [main] INFO  o.s.jmx.export.annotation.AnnotationMBeanExporter - Bean with name 'configurationPropertiesRebinder' has been autodetected for JMX exposure
2019-11-30 11:13:12.665 [main] INFO  o.s.jmx.export.annotation.AnnotationMBeanExporter - Bean with name 'refreshScope' has been autodetected for JMX exposure
2019-11-30 11:13:12.666 [main] INFO  o.s.jmx.export.annotation.AnnotationMBeanExporter - Located managed bean 'environmentManager': registering with JMX server as MBean [org.springframework.cloud.context.environment:name=environmentManager,type=EnvironmentManager]
2019-11-30 11:13:12.678 [main] INFO  o.s.jmx.export.annotation.AnnotationMBeanExporter - Located managed bean 'refreshScope': registering with JMX server as MBean [org.springframework.cloud.context.scope.refresh:name=refreshScope,type=RefreshScope]
2019-11-30 11:13:12.687 [main] INFO  o.s.jmx.export.annotation.AnnotationMBeanExporter - Located managed bean 'configurationPropertiesRebinder': registering with JMX server as MBean [org.springframework.cloud.context.properties:name=configurationPropertiesRebinder,context=55562aa9,type=ConfigurationPropertiesRebinder]
2019-11-30 11:13:12.778 [main] INFO  o.s.context.support.DefaultLifecycleProcessor - Starting beans in phase 0
2019-11-30 11:13:12.785 [main] INFO  o.s.cloud.netflix.eureka.InstanceInfoFactory - Setting initial instance status as: STARTING
2019-11-30 11:13:12.826 [main] INFO  com.netflix.discovery.DiscoveryClient - Initializing Eureka in region us-east-1
2019-11-30 11:13:13.161 [main] INFO  c.n.discovery.provider.DiscoveryJerseyProvider - Using JSON encoding codec LegacyJacksonJson
2019-11-30 11:13:13.161 [main] INFO  c.n.discovery.provider.DiscoveryJerseyProvider - Using JSON decoding codec LegacyJacksonJson
2019-11-30 11:13:13.236 [main] INFO  c.n.discovery.provider.DiscoveryJerseyProvider - Using XML encoding codec XStreamXml
2019-11-30 11:13:13.236 [main] INFO  c.n.discovery.provider.DiscoveryJerseyProvider - Using XML decoding codec XStreamXml
2019-11-30 11:13:13.373 [main] INFO  c.n.d.shared.resolver.aws.ConfigClusterResolver - Resolving eureka endpoints via configuration
2019-11-30 11:13:13.525 [main] INFO  com.netflix.discovery.DiscoveryClient - Disable delta property : false
2019-11-30 11:13:13.525 [main] INFO  com.netflix.discovery.DiscoveryClient - Single vip registry refresh property : null
2019-11-30 11:13:13.525 [main] INFO  com.netflix.discovery.DiscoveryClient - Force full registry fetch : false
2019-11-30 11:13:13.525 [main] INFO  com.netflix.discovery.DiscoveryClient - Application is null : false
2019-11-30 11:13:13.525 [main] INFO  com.netflix.discovery.DiscoveryClient - Registered Applications size is zero : true
2019-11-30 11:13:13.525 [main] INFO  com.netflix.discovery.DiscoveryClient - Application version is -1: true
2019-11-30 11:13:13.525 [main] INFO  com.netflix.discovery.DiscoveryClient - Getting all instance registry info from the eureka server
2019-11-30 11:13:13.666 [main] INFO  com.netflix.discovery.DiscoveryClient - The response status is 200
2019-11-30 11:13:13.668 [main] INFO  com.netflix.discovery.DiscoveryClient - Starting heartbeat executor: renew interval is: 30
2019-11-30 11:13:13.671 [main] INFO  com.netflix.discovery.InstanceInfoReplicator - InstanceInfoReplicator onDemand update allowed rate per min is 4
2019-11-30 11:13:13.674 [main] INFO  com.netflix.discovery.DiscoveryClient - Discovery Client initialized at timestamp 1575083593674 with initial instances count: 4
2019-11-30 11:13:13.698 [main] INFO  o.s.c.n.e.serviceregistry.EurekaServiceRegistry - Registering application hystrix-ribbon-breaker-consumer with eureka with status UP
2019-11-30 11:13:13.699 [main] INFO  com.netflix.discovery.DiscoveryClient - Saw local status change event StatusChangeEvent [timestamp=1575083593699, current=UP, previous=STARTING]
2019-11-30 11:13:13.700 [DiscoveryClient-InstanceInfoReplicator-0] INFO  com.netflix.discovery.DiscoveryClient - DiscoveryClient_HYSTRIX-RIBBON-BREAKER-CONSUMER/localhost:hystrix-ribbon-breaker-consumer:9010: registering service...
2019-11-30 11:13:13.712 [main] INFO  org.apache.coyote.http11.Http11NioProtocol - Starting ProtocolHandler ["http-nio-9010"]
2019-11-30 11:13:13.723 [main] INFO  org.apache.tomcat.util.net.NioSelectorPool - Using a shared selector for servlet write/read
2019-11-30 11:13:13.733 [DiscoveryClient-InstanceInfoReplicator-0] INFO  com.netflix.discovery.DiscoveryClient - DiscoveryClient_HYSTRIX-RIBBON-BREAKER-CONSUMER/localhost:hystrix-ribbon-breaker-consumer:9010 - registration status: 204
2019-11-30 11:13:13.738 [main] INFO  o.s.b.c.e.tomcat.TomcatEmbeddedServletContainer - Tomcat started on port(s): 9010 (http)
2019-11-30 11:13:13.738 [main] INFO  o.s.c.n.e.s.EurekaAutoServiceRegistration - Updating port to 9010
2019-11-30 11:13:13.742 [main] INFO  yq.ConsumerApplication - Started ConsumerApplication in 9.247 seconds (JVM running for 9.761)
2019-11-30 11:13:18.148 [http-nio-9010-exec-1] INFO  o.a.c.core.ContainerBase.[Tomcat].[localhost].[/] - Initializing Spring FrameworkServlet 'dispatcherServlet'
2019-11-30 11:13:18.149 [http-nio-9010-exec-1] INFO  org.springframework.web.servlet.DispatcherServlet - FrameworkServlet 'dispatcherServlet': initialization started
2019-11-30 11:13:18.164 [http-nio-9010-exec-1] INFO  org.springframework.web.servlet.DispatcherServlet - FrameworkServlet 'dispatcherServlet': initialization completed in 15 ms
2019-11-30 11:13:18.423 [hystrix-ProductService-1] INFO  o.s.c.a.AnnotationConfigApplicationContext - Refreshing org.springframework.context.annotation.AnnotationConfigApplicationContext@579b0a81: startup date [Sat Nov 30 11:13:18 CST 2019]; parent: org.springframework.boot.context.embedded.AnnotationConfigEmbeddedWebApplicationContext@55562aa9
2019-11-30 11:13:18.476 [hystrix-ProductService-1] INFO  o.s.b.f.a.AutowiredAnnotationBeanPostProcessor - JSR-330 'javax.inject.Inject' annotation found and supported for autowiring
2019-11-30 11:13:18.619 [hystrix-ProductService-1] INFO  com.netflix.config.ChainedDynamicProperty - Flipping property: feign-provider.ribbon.ActiveConnectionsLimit to use NEXT property: niws.loadbalancer.availabilityFilteringRule.activeConnectionsLimit = 2147483647
2019-11-30 11:13:18.639 [hystrix-ProductService-1] INFO  com.netflix.util.concurrent.ShutdownEnabledTimer - Shutdown hook installed for: NFLoadBalancer-PingTimer-feign-provider
2019-11-30 11:13:18.657 [hystrix-ProductService-1] INFO  com.netflix.loadbalancer.BaseLoadBalancer - Client: feign-provider instantiated a LoadBalancer: DynamicServerListLoadBalancer:{NFLoadBalancer:name=feign-provider,current list of Servers=[],Load balancer stats=Zone stats: {},Server stats: []}ServerList:null
2019-11-30 11:13:18.662 [hystrix-ProductService-1] INFO  c.n.loadbalancer.DynamicServerListLoadBalancer - Using serverListUpdater PollingServerListUpdater
2019-11-30 11:13:18.676 [hystrix-ProductService-1] INFO  com.netflix.config.ChainedDynamicProperty - Flipping property: feign-provider.ribbon.ActiveConnectionsLimit to use NEXT property: niws.loadbalancer.availabilityFilteringRule.activeConnectionsLimit = 2147483647
2019-11-30 11:13:18.678 [hystrix-ProductService-1] INFO  c.n.loadbalancer.DynamicServerListLoadBalancer - DynamicServerListLoadBalancer for client feign-provider initialized: DynamicServerListLoadBalancer:{NFLoadBalancer:name=feign-provider,current list of Servers=[localhost:9003],Load balancer stats=Zone stats: {defaultzone=[Zone:defaultzone;	Instance count:1;	Active connections count: 0;	Circuit breaker tripped count: 0;	Active connections per server: 0.0;]
},Server stats: [[Server:localhost:9003;	Zone:defaultZone;	Total Requests:0;	Successive connection failure:0;	Total blackout seconds:0;	Last connection made:Thu Jan 01 08:00:00 CST 1970;	First connection made: Thu Jan 01 08:00:00 CST 1970;	Active Connections:0;	total failure count in last (1000) msecs:0;	average resp time:0.0;	90 percentile resp time:0.0;	95 percentile resp time:0.0;	min resp time:0.0;	max resp time:0.0;	stddev resp time:0.0]
]}ServerList:org.springframework.cloud.netflix.ribbon.eureka.DomainExtractingServerList@15876f9c
2019-11-30 11:13:19.665 [PollingServerListUpdater-0] INFO  com.netflix.config.ChainedDynamicProperty - Flipping property: feign-provider.ribbon.ActiveConnectionsLimit to use NEXT property: niws.loadbalancer.availabilityFilteringRule.activeConnectionsLimit = 2147483647
2019-11-30 11:15:34.819 [main] INFO  o.s.c.a.AnnotationConfigApplicationContext - Refreshing org.springframework.context.annotation.AnnotationConfigApplicationContext@67c27493: startup date [Sat Nov 30 11:15:34 CST 2019]; root of context hierarchy
2019-11-30 11:15:35.031 [main] INFO  o.s.b.f.a.AutowiredAnnotationBeanPostProcessor - JSR-330 'javax.inject.Inject' annotation found and supported for autowiring
2019-11-30 11:15:35.058 [background-preinit] INFO  org.hibernate.validator.internal.util.Version - HV000001: Hibernate Validator 5.3.6.Final
2019-11-30 11:15:35.062 [main] INFO  o.s.c.s.PostProcessorRegistrationDelegate$BeanPostProcessorChecker - Bean 'configurationPropertiesRebinderAutoConfiguration' of type [org.springframework.cloud.autoconfigure.ConfigurationPropertiesRebinderAutoConfiguration$$EnhancerBySpringCGLIB$$55e352dc] is not eligible for getting processed by all BeanPostProcessors (for example: not eligible for auto-proxying)
2019-11-30 11:15:36.585 [main] INFO  o.s.c.c.client.ConfigServicePropertySourceLocator - Fetching config from server at: http://localhost:8888
2019-11-30 11:15:37.643 [main] WARN  o.s.c.c.client.ConfigServicePropertySourceLocator - Could not locate PropertySource: I/O error on GET request for "http://localhost:8888/hystrix-ribbon-breaker-consumer/default": Connection refused: connect; nested exception is java.net.ConnectException: Connection refused: connect
2019-11-30 11:15:37.645 [main] INFO  yq.ConsumerApplication - No active profile set, falling back to default profiles: default
2019-11-30 11:15:37.655 [main] INFO  o.s.b.c.e.AnnotationConfigEmbeddedWebApplicationContext - Refreshing org.springframework.boot.context.embedded.AnnotationConfigEmbeddedWebApplicationContext@7e276594: startup date [Sat Nov 30 11:15:37 CST 2019]; parent: org.springframework.context.annotation.AnnotationConfigApplicationContext@67c27493
2019-11-30 11:15:38.087 [main] INFO  o.springframework.cloud.context.scope.GenericScope - BeanFactory id=6a51e415-a928-31ec-99ed-915d557e05b3
2019-11-30 11:15:38.101 [main] INFO  o.s.b.f.a.AutowiredAnnotationBeanPostProcessor - JSR-330 'javax.inject.Inject' annotation found and supported for autowiring
2019-11-30 11:15:38.191 [main] INFO  o.s.c.s.PostProcessorRegistrationDelegate$BeanPostProcessorChecker - Bean 'org.springframework.cloud.autoconfigure.ConfigurationPropertiesRebinderAutoConfiguration' of type [org.springframework.cloud.autoconfigure.ConfigurationPropertiesRebinderAutoConfiguration$$EnhancerBySpringCGLIB$$55e352dc] is not eligible for getting processed by all BeanPostProcessors (for example: not eligible for auto-proxying)
2019-11-30 11:15:38.709 [main] INFO  o.s.b.c.e.tomcat.TomcatEmbeddedServletContainer - Tomcat initialized with port(s): 9010 (http)
2019-11-30 11:15:38.723 [main] INFO  org.apache.coyote.http11.Http11NioProtocol - Initializing ProtocolHandler ["http-nio-9010"]
2019-11-30 11:15:38.735 [main] INFO  org.apache.catalina.core.StandardService - Starting service [Tomcat]
2019-11-30 11:15:38.736 [main] INFO  org.apache.catalina.core.StandardEngine - Starting Servlet Engine: Apache Tomcat/8.5.31
2019-11-30 11:15:38.875 [localhost-startStop-1] INFO  o.a.c.core.ContainerBase.[Tomcat].[localhost].[/] - Initializing Spring embedded WebApplicationContext
2019-11-30 11:15:38.875 [localhost-startStop-1] INFO  org.springframework.web.context.ContextLoader - Root WebApplicationContext: initialization completed in 1220 ms
2019-11-30 11:15:39.012 [localhost-startStop-1] INFO  o.s.boot.web.servlet.ServletRegistrationBean - Mapping servlet: 'dispatcherServlet' to [/]
2019-11-30 11:15:39.027 [localhost-startStop-1] INFO  o.s.boot.web.servlet.FilterRegistrationBean - Mapping filter: 'characterEncodingFilter' to: [/*]
2019-11-30 11:15:39.027 [localhost-startStop-1] INFO  o.s.boot.web.servlet.FilterRegistrationBean - Mapping filter: 'hiddenHttpMethodFilter' to: [/*]
2019-11-30 11:15:39.028 [localhost-startStop-1] INFO  o.s.boot.web.servlet.FilterRegistrationBean - Mapping filter: 'httpPutFormContentFilter' to: [/*]
2019-11-30 11:15:39.028 [localhost-startStop-1] INFO  o.s.boot.web.servlet.FilterRegistrationBean - Mapping filter: 'requestContextFilter' to: [/*]
2019-11-30 11:15:40.506 [main] INFO  org.springframework.cloud.commons.util.InetUtils - Cannot determine local hostname
2019-11-30 11:15:40.651 [main] WARN  com.netflix.config.sources.URLConfigurationSource - No URLs will be polled as dynamic configuration sources.
2019-11-30 11:15:40.652 [main] INFO  com.netflix.config.sources.URLConfigurationSource - To enable URLs as dynamic configuration sources, define System property archaius.configurationSource.additionalUrls or make config.properties available on classpath.
2019-11-30 11:15:40.657 [main] WARN  com.netflix.config.sources.URLConfigurationSource - No URLs will be polled as dynamic configuration sources.
2019-11-30 11:15:40.657 [main] INFO  com.netflix.config.sources.URLConfigurationSource - To enable URLs as dynamic configuration sources, define System property archaius.configurationSource.additionalUrls or make config.properties available on classpath.
2019-11-30 11:15:40.885 [main] INFO  o.s.w.s.m.m.a.RequestMappingHandlerAdapter - Looking for @ControllerAdvice: org.springframework.boot.context.embedded.AnnotationConfigEmbeddedWebApplicationContext@7e276594: startup date [Sat Nov 30 11:15:37 CST 2019]; parent: org.springframework.context.annotation.AnnotationConfigApplicationContext@67c27493
2019-11-30 11:15:40.961 [main] INFO  o.s.w.s.m.m.a.RequestMappingHandlerMapping - Mapped "{[/consumer]}" onto public java.util.List<yq.pojo.Product> yq.controller.ProductController.getUsers(java.lang.Integer)
2019-11-30 11:15:40.965 [main] INFO  o.s.w.s.m.m.a.RequestMappingHandlerMapping - Mapped "{[/error]}" onto public org.springframework.http.ResponseEntity<java.util.Map<java.lang.String, java.lang.Object>> org.springframework.boot.autoconfigure.web.BasicErrorController.error(javax.servlet.http.HttpServletRequest)
2019-11-30 11:15:40.966 [main] INFO  o.s.w.s.m.m.a.RequestMappingHandlerMapping - Mapped "{[/error],produces=[text/html]}" onto public org.springframework.web.servlet.ModelAndView org.springframework.boot.autoconfigure.web.BasicErrorController.errorHtml(javax.servlet.http.HttpServletRequest,javax.servlet.http.HttpServletResponse)
2019-11-30 11:15:41.001 [main] INFO  o.s.web.servlet.handler.SimpleUrlHandlerMapping - Mapped URL path [/webjars/**] onto handler of type [class org.springframework.web.servlet.resource.ResourceHttpRequestHandler]
2019-11-30 11:15:41.002 [main] INFO  o.s.web.servlet.handler.SimpleUrlHandlerMapping - Mapped URL path [/**] onto handler of type [class org.springframework.web.servlet.resource.ResourceHttpRequestHandler]
2019-11-30 11:15:41.039 [main] INFO  o.s.web.servlet.handler.SimpleUrlHandlerMapping - Mapped URL path [/**/favicon.ico] onto handler of type [class org.springframework.web.servlet.resource.ResourceHttpRequestHandler]
2019-11-30 11:15:41.326 [main] INFO  o.s.jmx.export.annotation.AnnotationMBeanExporter - Registering beans for JMX exposure on startup
2019-11-30 11:15:41.336 [main] INFO  o.s.jmx.export.annotation.AnnotationMBeanExporter - Bean with name 'environmentManager' has been autodetected for JMX exposure
2019-11-30 11:15:41.337 [main] INFO  o.s.jmx.export.annotation.AnnotationMBeanExporter - Bean with name 'configurationPropertiesRebinder' has been autodetected for JMX exposure
2019-11-30 11:15:41.338 [main] INFO  o.s.jmx.export.annotation.AnnotationMBeanExporter - Bean with name 'refreshScope' has been autodetected for JMX exposure
2019-11-30 11:15:41.340 [main] INFO  o.s.jmx.export.annotation.AnnotationMBeanExporter - Located managed bean 'environmentManager': registering with JMX server as MBean [org.springframework.cloud.context.environment:name=environmentManager,type=EnvironmentManager]
2019-11-30 11:15:41.352 [main] INFO  o.s.jmx.export.annotation.AnnotationMBeanExporter - Located managed bean 'refreshScope': registering with JMX server as MBean [org.springframework.cloud.context.scope.refresh:name=refreshScope,type=RefreshScope]
2019-11-30 11:15:41.364 [main] INFO  o.s.jmx.export.annotation.AnnotationMBeanExporter - Located managed bean 'configurationPropertiesRebinder': registering with JMX server as MBean [org.springframework.cloud.context.properties:name=configurationPropertiesRebinder,context=7e276594,type=ConfigurationPropertiesRebinder]
2019-11-30 11:15:41.455 [main] INFO  o.s.context.support.DefaultLifecycleProcessor - Starting beans in phase 0
2019-11-30 11:15:41.462 [main] INFO  o.s.cloud.netflix.eureka.InstanceInfoFactory - Setting initial instance status as: STARTING
2019-11-30 11:15:41.504 [main] INFO  com.netflix.discovery.DiscoveryClient - Initializing Eureka in region us-east-1
2019-11-30 11:15:41.866 [main] INFO  c.n.discovery.provider.DiscoveryJerseyProvider - Using JSON encoding codec LegacyJacksonJson
2019-11-30 11:15:41.867 [main] INFO  c.n.discovery.provider.DiscoveryJerseyProvider - Using JSON decoding codec LegacyJacksonJson
2019-11-30 11:15:41.955 [main] INFO  c.n.discovery.provider.DiscoveryJerseyProvider - Using XML encoding codec XStreamXml
2019-11-30 11:15:41.955 [main] INFO  c.n.discovery.provider.DiscoveryJerseyProvider - Using XML decoding codec XStreamXml
2019-11-30 11:15:42.108 [main] INFO  c.n.d.shared.resolver.aws.ConfigClusterResolver - Resolving eureka endpoints via configuration
2019-11-30 11:15:42.291 [main] INFO  com.netflix.discovery.DiscoveryClient - Disable delta property : false
2019-11-30 11:15:42.291 [main] INFO  com.netflix.discovery.DiscoveryClient - Single vip registry refresh property : null
2019-11-30 11:15:42.291 [main] INFO  com.netflix.discovery.DiscoveryClient - Force full registry fetch : false
2019-11-30 11:15:42.292 [main] INFO  com.netflix.discovery.DiscoveryClient - Application is null : false
2019-11-30 11:15:42.292 [main] INFO  com.netflix.discovery.DiscoveryClient - Registered Applications size is zero : true
2019-11-30 11:15:42.292 [main] INFO  com.netflix.discovery.DiscoveryClient - Application version is -1: true
2019-11-30 11:15:42.292 [main] INFO  com.netflix.discovery.DiscoveryClient - Getting all instance registry info from the eureka server
2019-11-30 11:15:42.439 [main] INFO  com.netflix.discovery.DiscoveryClient - The response status is 200
2019-11-30 11:15:42.442 [main] INFO  com.netflix.discovery.DiscoveryClient - Starting heartbeat executor: renew interval is: 30
2019-11-30 11:15:42.444 [main] INFO  com.netflix.discovery.InstanceInfoReplicator - InstanceInfoReplicator onDemand update allowed rate per min is 4
2019-11-30 11:15:42.446 [main] INFO  com.netflix.discovery.DiscoveryClient - Discovery Client initialized at timestamp 1575083742446 with initial instances count: 4
2019-11-30 11:15:42.468 [main] INFO  o.s.c.n.e.serviceregistry.EurekaServiceRegistry - Registering application hystrix-ribbon-breaker-consumer with eureka with status UP
2019-11-30 11:15:42.468 [main] INFO  com.netflix.discovery.DiscoveryClient - Saw local status change event StatusChangeEvent [timestamp=1575083742468, current=UP, previous=STARTING]
2019-11-30 11:15:42.470 [DiscoveryClient-InstanceInfoReplicator-0] INFO  com.netflix.discovery.DiscoveryClient - DiscoveryClient_HYSTRIX-RIBBON-BREAKER-CONSUMER/localhost:hystrix-ribbon-breaker-consumer:9010: registering service...
2019-11-30 11:15:42.479 [main] INFO  org.apache.coyote.http11.Http11NioProtocol - Starting ProtocolHandler ["http-nio-9010"]
2019-11-30 11:15:42.489 [main] INFO  org.apache.tomcat.util.net.NioSelectorPool - Using a shared selector for servlet write/read
2019-11-30 11:15:42.498 [DiscoveryClient-InstanceInfoReplicator-0] INFO  com.netflix.discovery.DiscoveryClient - DiscoveryClient_HYSTRIX-RIBBON-BREAKER-CONSUMER/localhost:hystrix-ribbon-breaker-consumer:9010 - registration status: 204
2019-11-30 11:15:42.504 [main] INFO  o.s.b.c.e.tomcat.TomcatEmbeddedServletContainer - Tomcat started on port(s): 9010 (http)
2019-11-30 11:15:42.505 [main] INFO  o.s.c.n.e.s.EurekaAutoServiceRegistration - Updating port to 9010
2019-11-30 11:15:42.508 [main] INFO  yq.ConsumerApplication - Started ConsumerApplication in 9.379 seconds (JVM running for 9.901)
2019-11-30 11:15:52.791 [http-nio-9010-exec-1] INFO  o.a.c.core.ContainerBase.[Tomcat].[localhost].[/] - Initializing Spring FrameworkServlet 'dispatcherServlet'
2019-11-30 11:15:52.791 [http-nio-9010-exec-1] INFO  org.springframework.web.servlet.DispatcherServlet - FrameworkServlet 'dispatcherServlet': initialization started
2019-11-30 11:15:52.807 [http-nio-9010-exec-1] INFO  org.springframework.web.servlet.DispatcherServlet - FrameworkServlet 'dispatcherServlet': initialization completed in 16 ms
2019-11-30 11:16:12.478 [hystrix-ProductService-9] INFO  o.s.c.a.AnnotationConfigApplicationContext - Refreshing org.springframework.context.annotation.AnnotationConfigApplicationContext@da9d610: startup date [Sat Nov 30 11:16:12 CST 2019]; parent: org.springframework.boot.context.embedded.AnnotationConfigEmbeddedWebApplicationContext@7e276594
2019-11-30 11:16:12.528 [hystrix-ProductService-9] INFO  o.s.b.f.a.AutowiredAnnotationBeanPostProcessor - JSR-330 'javax.inject.Inject' annotation found and supported for autowiring
2019-11-30 11:16:12.674 [hystrix-ProductService-9] INFO  com.netflix.config.ChainedDynamicProperty - Flipping property: feign-provider.ribbon.ActiveConnectionsLimit to use NEXT property: niws.loadbalancer.availabilityFilteringRule.activeConnectionsLimit = 2147483647
2019-11-30 11:16:12.694 [hystrix-ProductService-9] INFO  com.netflix.util.concurrent.ShutdownEnabledTimer - Shutdown hook installed for: NFLoadBalancer-PingTimer-feign-provider
2019-11-30 11:16:12.721 [hystrix-ProductService-9] INFO  com.netflix.loadbalancer.BaseLoadBalancer - Client: feign-provider instantiated a LoadBalancer: DynamicServerListLoadBalancer:{NFLoadBalancer:name=feign-provider,current list of Servers=[],Load balancer stats=Zone stats: {},Server stats: []}ServerList:null
2019-11-30 11:16:12.729 [hystrix-ProductService-9] INFO  c.n.loadbalancer.DynamicServerListLoadBalancer - Using serverListUpdater PollingServerListUpdater
2019-11-30 11:16:12.748 [hystrix-ProductService-9] INFO  com.netflix.config.ChainedDynamicProperty - Flipping property: feign-provider.ribbon.ActiveConnectionsLimit to use NEXT property: niws.loadbalancer.availabilityFilteringRule.activeConnectionsLimit = 2147483647
2019-11-30 11:16:12.750 [hystrix-ProductService-9] INFO  c.n.loadbalancer.DynamicServerListLoadBalancer - DynamicServerListLoadBalancer for client feign-provider initialized: DynamicServerListLoadBalancer:{NFLoadBalancer:name=feign-provider,current list of Servers=[localhost:9003],Load balancer stats=Zone stats: {defaultzone=[Zone:defaultzone;	Instance count:1;	Active connections count: 0;	Circuit breaker tripped count: 0;	Active connections per server: 0.0;]
},Server stats: [[Server:localhost:9003;	Zone:defaultZone;	Total Requests:0;	Successive connection failure:0;	Total blackout seconds:0;	Last connection made:Thu Jan 01 08:00:00 CST 1970;	First connection made: Thu Jan 01 08:00:00 CST 1970;	Active Connections:0;	total failure count in last (1000) msecs:0;	average resp time:0.0;	90 percentile resp time:0.0;	95 percentile resp time:0.0;	min resp time:0.0;	max resp time:0.0;	stddev resp time:0.0]
]}ServerList:org.springframework.cloud.netflix.ribbon.eureka.DomainExtractingServerList@4e39680c
2019-11-30 11:16:13.732 [PollingServerListUpdater-0] INFO  com.netflix.config.ChainedDynamicProperty - Flipping property: feign-provider.ribbon.ActiveConnectionsLimit to use NEXT property: niws.loadbalancer.availabilityFilteringRule.activeConnectionsLimit = 2147483647
2019-11-30 11:19:03.876 [main] INFO  o.s.c.a.AnnotationConfigApplicationContext - Refreshing org.springframework.context.annotation.AnnotationConfigApplicationContext@67c27493: startup date [Sat Nov 30 11:19:03 CST 2019]; root of context hierarchy
2019-11-30 11:19:04.083 [main] INFO  o.s.b.f.a.AutowiredAnnotationBeanPostProcessor - JSR-330 'javax.inject.Inject' annotation found and supported for autowiring
2019-11-30 11:19:04.101 [background-preinit] INFO  org.hibernate.validator.internal.util.Version - HV000001: Hibernate Validator 5.3.6.Final
2019-11-30 11:19:04.109 [main] INFO  o.s.c.s.PostProcessorRegistrationDelegate$BeanPostProcessorChecker - Bean 'configurationPropertiesRebinderAutoConfiguration' of type [org.springframework.cloud.autoconfigure.ConfigurationPropertiesRebinderAutoConfiguration$$EnhancerBySpringCGLIB$$55e352dc] is not eligible for getting processed by all BeanPostProcessors (for example: not eligible for auto-proxying)
2019-11-30 11:19:05.644 [main] INFO  o.s.c.c.client.ConfigServicePropertySourceLocator - Fetching config from server at: http://localhost:8888
2019-11-30 11:19:06.710 [main] WARN  o.s.c.c.client.ConfigServicePropertySourceLocator - Could not locate PropertySource: I/O error on GET request for "http://localhost:8888/hystrix-ribbon-breaker-consumer/default": Connection refused: connect; nested exception is java.net.ConnectException: Connection refused: connect
2019-11-30 11:19:06.712 [main] INFO  yq.ConsumerApplication - No active profile set, falling back to default profiles: default
2019-11-30 11:19:06.722 [main] INFO  o.s.b.c.e.AnnotationConfigEmbeddedWebApplicationContext - Refreshing org.springframework.boot.context.embedded.AnnotationConfigEmbeddedWebApplicationContext@7e276594: startup date [Sat Nov 30 11:19:06 CST 2019]; parent: org.springframework.context.annotation.AnnotationConfigApplicationContext@67c27493
2019-11-30 11:19:07.183 [main] INFO  o.springframework.cloud.context.scope.GenericScope - BeanFactory id=6a51e415-a928-31ec-99ed-915d557e05b3
2019-11-30 11:19:07.195 [main] INFO  o.s.b.f.a.AutowiredAnnotationBeanPostProcessor - JSR-330 'javax.inject.Inject' annotation found and supported for autowiring
2019-11-30 11:19:07.276 [main] INFO  o.s.c.s.PostProcessorRegistrationDelegate$BeanPostProcessorChecker - Bean 'org.springframework.cloud.autoconfigure.ConfigurationPropertiesRebinderAutoConfiguration' of type [org.springframework.cloud.autoconfigure.ConfigurationPropertiesRebinderAutoConfiguration$$EnhancerBySpringCGLIB$$55e352dc] is not eligible for getting processed by all BeanPostProcessors (for example: not eligible for auto-proxying)
2019-11-30 11:19:07.768 [main] INFO  o.s.b.c.e.tomcat.TomcatEmbeddedServletContainer - Tomcat initialized with port(s): 9010 (http)
2019-11-30 11:19:07.785 [main] INFO  org.apache.coyote.http11.Http11NioProtocol - Initializing ProtocolHandler ["http-nio-9010"]
2019-11-30 11:19:07.796 [main] INFO  org.apache.catalina.core.StandardService - Starting service [Tomcat]
2019-11-30 11:19:07.796 [main] INFO  org.apache.catalina.core.StandardEngine - Starting Servlet Engine: Apache Tomcat/8.5.31
2019-11-30 11:19:07.939 [localhost-startStop-1] INFO  o.a.c.core.ContainerBase.[Tomcat].[localhost].[/] - Initializing Spring embedded WebApplicationContext
2019-11-30 11:19:07.940 [localhost-startStop-1] INFO  org.springframework.web.context.ContextLoader - Root WebApplicationContext: initialization completed in 1218 ms
2019-11-30 11:19:08.099 [localhost-startStop-1] INFO  o.s.boot.web.servlet.ServletRegistrationBean - Mapping servlet: 'dispatcherServlet' to [/]
2019-11-30 11:19:08.105 [localhost-startStop-1] INFO  o.s.boot.web.servlet.FilterRegistrationBean - Mapping filter: 'characterEncodingFilter' to: [/*]
2019-11-30 11:19:08.106 [localhost-startStop-1] INFO  o.s.boot.web.servlet.FilterRegistrationBean - Mapping filter: 'hiddenHttpMethodFilter' to: [/*]
2019-11-30 11:19:08.107 [localhost-startStop-1] INFO  o.s.boot.web.servlet.FilterRegistrationBean - Mapping filter: 'httpPutFormContentFilter' to: [/*]
2019-11-30 11:19:08.107 [localhost-startStop-1] INFO  o.s.boot.web.servlet.FilterRegistrationBean - Mapping filter: 'requestContextFilter' to: [/*]
2019-11-30 11:19:09.613 [main] INFO  org.springframework.cloud.commons.util.InetUtils - Cannot determine local hostname
2019-11-30 11:19:09.776 [main] WARN  com.netflix.config.sources.URLConfigurationSource - No URLs will be polled as dynamic configuration sources.
2019-11-30 11:19:09.777 [main] INFO  com.netflix.config.sources.URLConfigurationSource - To enable URLs as dynamic configuration sources, define System property archaius.configurationSource.additionalUrls or make config.properties available on classpath.
2019-11-30 11:19:09.783 [main] WARN  com.netflix.config.sources.URLConfigurationSource - No URLs will be polled as dynamic configuration sources.
2019-11-30 11:19:09.784 [main] INFO  com.netflix.config.sources.URLConfigurationSource - To enable URLs as dynamic configuration sources, define System property archaius.configurationSource.additionalUrls or make config.properties available on classpath.
2019-11-30 11:19:09.983 [main] INFO  o.s.w.s.m.m.a.RequestMappingHandlerAdapter - Looking for @ControllerAdvice: org.springframework.boot.context.embedded.AnnotationConfigEmbeddedWebApplicationContext@7e276594: startup date [Sat Nov 30 11:19:06 CST 2019]; parent: org.springframework.context.annotation.AnnotationConfigApplicationContext@67c27493
2019-11-30 11:19:10.138 [main] INFO  o.s.w.s.m.m.a.RequestMappingHandlerMapping - Mapped "{[/consumer]}" onto public java.util.List<yq.pojo.Product> yq.controller.ProductController.getUsers(java.lang.Integer)
2019-11-30 11:19:10.140 [main] INFO  o.s.w.s.m.m.a.RequestMappingHandlerMapping - Mapped "{[/error]}" onto public org.springframework.http.ResponseEntity<java.util.Map<java.lang.String, java.lang.Object>> org.springframework.boot.autoconfigure.web.BasicErrorController.error(javax.servlet.http.HttpServletRequest)
2019-11-30 11:19:10.141 [main] INFO  o.s.w.s.m.m.a.RequestMappingHandlerMapping - Mapped "{[/error],produces=[text/html]}" onto public org.springframework.web.servlet.ModelAndView org.springframework.boot.autoconfigure.web.BasicErrorController.errorHtml(javax.servlet.http.HttpServletRequest,javax.servlet.http.HttpServletResponse)
2019-11-30 11:19:10.171 [main] INFO  o.s.web.servlet.handler.SimpleUrlHandlerMapping - Mapped URL path [/webjars/**] onto handler of type [class org.springframework.web.servlet.resource.ResourceHttpRequestHandler]
2019-11-30 11:19:10.172 [main] INFO  o.s.web.servlet.handler.SimpleUrlHandlerMapping - Mapped URL path [/**] onto handler of type [class org.springframework.web.servlet.resource.ResourceHttpRequestHandler]
2019-11-30 11:19:10.204 [main] INFO  o.s.web.servlet.handler.SimpleUrlHandlerMapping - Mapped URL path [/**/favicon.ico] onto handler of type [class org.springframework.web.servlet.resource.ResourceHttpRequestHandler]
2019-11-30 11:19:10.502 [main] INFO  o.s.jmx.export.annotation.AnnotationMBeanExporter - Registering beans for JMX exposure on startup
2019-11-30 11:19:10.509 [main] INFO  o.s.jmx.export.annotation.AnnotationMBeanExporter - Bean with name 'environmentManager' has been autodetected for JMX exposure
2019-11-30 11:19:10.511 [main] INFO  o.s.jmx.export.annotation.AnnotationMBeanExporter - Bean with name 'configurationPropertiesRebinder' has been autodetected for JMX exposure
2019-11-30 11:19:10.511 [main] INFO  o.s.jmx.export.annotation.AnnotationMBeanExporter - Bean with name 'refreshScope' has been autodetected for JMX exposure
2019-11-30 11:19:10.513 [main] INFO  o.s.jmx.export.annotation.AnnotationMBeanExporter - Located managed bean 'environmentManager': registering with JMX server as MBean [org.springframework.cloud.context.environment:name=environmentManager,type=EnvironmentManager]
2019-11-30 11:19:10.523 [main] INFO  o.s.jmx.export.annotation.AnnotationMBeanExporter - Located managed bean 'refreshScope': registering with JMX server as MBean [org.springframework.cloud.context.scope.refresh:name=refreshScope,type=RefreshScope]
2019-11-30 11:19:10.534 [main] INFO  o.s.jmx.export.annotation.AnnotationMBeanExporter - Located managed bean 'configurationPropertiesRebinder': registering with JMX server as MBean [org.springframework.cloud.context.properties:name=configurationPropertiesRebinder,context=7e276594,type=ConfigurationPropertiesRebinder]
2019-11-30 11:19:10.670 [main] INFO  o.s.context.support.DefaultLifecycleProcessor - Starting beans in phase 0
2019-11-30 11:19:10.676 [main] INFO  o.s.cloud.netflix.eureka.InstanceInfoFactory - Setting initial instance status as: STARTING
2019-11-30 11:19:10.722 [main] INFO  com.netflix.discovery.DiscoveryClient - Initializing Eureka in region us-east-1
2019-11-30 11:19:11.102 [main] INFO  c.n.discovery.provider.DiscoveryJerseyProvider - Using JSON encoding codec LegacyJacksonJson
2019-11-30 11:19:11.102 [main] INFO  c.n.discovery.provider.DiscoveryJerseyProvider - Using JSON decoding codec LegacyJacksonJson
2019-11-30 11:19:11.198 [main] INFO  c.n.discovery.provider.DiscoveryJerseyProvider - Using XML encoding codec XStreamXml
2019-11-30 11:19:11.198 [main] INFO  c.n.discovery.provider.DiscoveryJerseyProvider - Using XML decoding codec XStreamXml
2019-11-30 11:19:11.352 [main] INFO  c.n.d.shared.resolver.aws.ConfigClusterResolver - Resolving eureka endpoints via configuration
2019-11-30 11:19:11.494 [main] INFO  com.netflix.discovery.DiscoveryClient - Disable delta property : false
2019-11-30 11:19:11.494 [main] INFO  com.netflix.discovery.DiscoveryClient - Single vip registry refresh property : null
2019-11-30 11:19:11.494 [main] INFO  com.netflix.discovery.DiscoveryClient - Force full registry fetch : false
2019-11-30 11:19:11.495 [main] INFO  com.netflix.discovery.DiscoveryClient - Application is null : false
2019-11-30 11:19:11.495 [main] INFO  com.netflix.discovery.DiscoveryClient - Registered Applications size is zero : true
2019-11-30 11:19:11.495 [main] INFO  com.netflix.discovery.DiscoveryClient - Application version is -1: true
2019-11-30 11:19:11.495 [main] INFO  com.netflix.discovery.DiscoveryClient - Getting all instance registry info from the eureka server
2019-11-30 11:19:11.644 [main] INFO  com.netflix.discovery.DiscoveryClient - The response status is 200
2019-11-30 11:19:11.646 [main] INFO  com.netflix.discovery.DiscoveryClient - Starting heartbeat executor: renew interval is: 30
2019-11-30 11:19:11.648 [main] INFO  com.netflix.discovery.InstanceInfoReplicator - InstanceInfoReplicator onDemand update allowed rate per min is 4
2019-11-30 11:19:11.651 [main] INFO  com.netflix.discovery.DiscoveryClient - Discovery Client initialized at timestamp 1575083951651 with initial instances count: 4
2019-11-30 11:19:11.675 [main] INFO  o.s.c.n.e.serviceregistry.EurekaServiceRegistry - Registering application hystrix-ribbon-breaker-consumer with eureka with status UP
2019-11-30 11:19:11.675 [main] INFO  com.netflix.discovery.DiscoveryClient - Saw local status change event StatusChangeEvent [timestamp=1575083951675, current=UP, previous=STARTING]
2019-11-30 11:19:11.677 [DiscoveryClient-InstanceInfoReplicator-0] INFO  com.netflix.discovery.DiscoveryClient - DiscoveryClient_HYSTRIX-RIBBON-BREAKER-CONSUMER/localhost:hystrix-ribbon-breaker-consumer:9010: registering service...
2019-11-30 11:19:11.689 [main] INFO  org.apache.coyote.http11.Http11NioProtocol - Starting ProtocolHandler ["http-nio-9010"]
2019-11-30 11:19:11.702 [main] INFO  org.apache.tomcat.util.net.NioSelectorPool - Using a shared selector for servlet write/read
2019-11-30 11:19:11.715 [DiscoveryClient-InstanceInfoReplicator-0] INFO  com.netflix.discovery.DiscoveryClient - DiscoveryClient_HYSTRIX-RIBBON-BREAKER-CONSUMER/localhost:hystrix-ribbon-breaker-consumer:9010 - registration status: 204
2019-11-30 11:19:11.718 [main] INFO  o.s.b.c.e.tomcat.TomcatEmbeddedServletContainer - Tomcat started on port(s): 9010 (http)
2019-11-30 11:19:11.719 [main] INFO  o.s.c.n.e.s.EurekaAutoServiceRegistration - Updating port to 9010
2019-11-30 11:19:11.723 [main] INFO  yq.ConsumerApplication - Started ConsumerApplication in 9.544 seconds (JVM running for 10.071)
2019-11-30 11:19:15.876 [http-nio-9010-exec-1] INFO  o.a.c.core.ContainerBase.[Tomcat].[localhost].[/] - Initializing Spring FrameworkServlet 'dispatcherServlet'
2019-11-30 11:19:15.877 [http-nio-9010-exec-1] INFO  org.springframework.web.servlet.DispatcherServlet - FrameworkServlet 'dispatcherServlet': initialization started
2019-11-30 11:19:15.895 [http-nio-9010-exec-1] INFO  org.springframework.web.servlet.DispatcherServlet - FrameworkServlet 'dispatcherServlet': initialization completed in 18 ms
2019-11-30 11:19:16.154 [hystrix-ProductService-1] INFO  o.s.c.a.AnnotationConfigApplicationContext - Refreshing org.springframework.context.annotation.AnnotationConfigApplicationContext@2e02b7c3: startup date [Sat Nov 30 11:19:16 CST 2019]; parent: org.springframework.boot.context.embedded.AnnotationConfigEmbeddedWebApplicationContext@7e276594
2019-11-30 11:19:16.203 [hystrix-ProductService-1] INFO  o.s.b.f.a.AutowiredAnnotationBeanPostProcessor - JSR-330 'javax.inject.Inject' annotation found and supported for autowiring
2019-11-30 11:19:16.325 [hystrix-ProductService-1] INFO  com.netflix.config.ChainedDynamicProperty - Flipping property: feign-provider.ribbon.ActiveConnectionsLimit to use NEXT property: niws.loadbalancer.availabilityFilteringRule.activeConnectionsLimit = 2147483647
2019-11-30 11:19:16.341 [hystrix-ProductService-1] INFO  com.netflix.util.concurrent.ShutdownEnabledTimer - Shutdown hook installed for: NFLoadBalancer-PingTimer-feign-provider
2019-11-30 11:19:16.360 [hystrix-ProductService-1] INFO  com.netflix.loadbalancer.BaseLoadBalancer - Client: feign-provider instantiated a LoadBalancer: DynamicServerListLoadBalancer:{NFLoadBalancer:name=feign-provider,current list of Servers=[],Load balancer stats=Zone stats: {},Server stats: []}ServerList:null
2019-11-30 11:19:16.367 [hystrix-ProductService-1] INFO  c.n.loadbalancer.DynamicServerListLoadBalancer - Using serverListUpdater PollingServerListUpdater
2019-11-30 11:19:16.380 [hystrix-ProductService-1] INFO  com.netflix.config.ChainedDynamicProperty - Flipping property: feign-provider.ribbon.ActiveConnectionsLimit to use NEXT property: niws.loadbalancer.availabilityFilteringRule.activeConnectionsLimit = 2147483647
2019-11-30 11:19:16.382 [hystrix-ProductService-1] INFO  c.n.loadbalancer.DynamicServerListLoadBalancer - DynamicServerListLoadBalancer for client feign-provider initialized: DynamicServerListLoadBalancer:{NFLoadBalancer:name=feign-provider,current list of Servers=[localhost:9003],Load balancer stats=Zone stats: {defaultzone=[Zone:defaultzone;	Instance count:1;	Active connections count: 0;	Circuit breaker tripped count: 0;	Active connections per server: 0.0;]
},Server stats: [[Server:localhost:9003;	Zone:defaultZone;	Total Requests:0;	Successive connection failure:0;	Total blackout seconds:0;	Last connection made:Thu Jan 01 08:00:00 CST 1970;	First connection made: Thu Jan 01 08:00:00 CST 1970;	Active Connections:0;	total failure count in last (1000) msecs:0;	average resp time:0.0;	90 percentile resp time:0.0;	95 percentile resp time:0.0;	min resp time:0.0;	max resp time:0.0;	stddev resp time:0.0]
]}ServerList:org.springframework.cloud.netflix.ribbon.eureka.DomainExtractingServerList@26480ac0
2019-11-30 11:19:17.370 [PollingServerListUpdater-0] INFO  com.netflix.config.ChainedDynamicProperty - Flipping property: feign-provider.ribbon.ActiveConnectionsLimit to use NEXT property: niws.loadbalancer.availabilityFilteringRule.activeConnectionsLimit = 2147483647
2019-11-30 11:24:11.498 [AsyncResolver-bootstrap-executor-0] INFO  c.n.d.shared.resolver.aws.ConfigClusterResolver - Resolving eureka endpoints via configuration
2019-11-30 11:29:11.500 [AsyncResolver-bootstrap-executor-0] INFO  c.n.d.shared.resolver.aws.ConfigClusterResolver - Resolving eureka endpoints via configuration
